The system is: Darwin - 15.6.0 - x86_64
Compiling the C compiler identification source file "CMakeCCompilerId.c" succeeded.
Compiler: /Applications/Xcode.app/Contents/Developer/Toolchains/XcodeDefault.xctoolchain/usr/bin/clang 
Build flags: 
Id flags: 

The output was:
0


Compilation of the C compiler identification source "CMakeCCompilerId.c" produced "a.out"

The C compiler identification is AppleClang, found in "/Users/panos/Documents/programming/Interpolation1D/Build/CMakeFiles/3.6.2/CompilerIdC/a.out"

Compiling the CXX compiler identification source file "CMakeCXXCompilerId.cpp" succeeded.
Compiler: /Applications/Xcode.app/Contents/Developer/Toolchains/XcodeDefault.xctoolchain/usr/bin/clang++ 
Build flags: 
Id flags: 

The output was:
0


Compilation of the CXX compiler identification source "CMakeCXXCompilerId.cpp" produced "a.out"

The CXX compiler identification is AppleClang, found in "/Users/panos/Documents/programming/Interpolation1D/Build/CMakeFiles/3.6.2/CompilerIdCXX/a.out"

Determining if the C compiler works passed with the following output:
Change Dir: /Users/panos/Documents/programming/Interpolation1D/Build/CMakeFiles/CMakeTmp

Run Build Command:"/usr/bin/make" "cmTC_ba515/fast"
/Applications/Xcode.app/Contents/Developer/usr/bin/make -f CMakeFiles/cmTC_ba515.dir/build.make CMakeFiles/cmTC_ba515.dir/build
Building C object CMakeFiles/cmTC_ba515.dir/testCCompiler.c.o
/Applications/Xcode.app/Contents/Developer/Toolchains/XcodeDefault.xctoolchain/usr/bin/clang     -o CMakeFiles/cmTC_ba515.dir/testCCompiler.c.o   -c /Users/panos/Documents/programming/Interpolation1D/Build/CMakeFiles/CMakeTmp/testCCompiler.c
Linking C executable cmTC_ba515
/opt/local/bin/cmake -E cmake_link_script CMakeFiles/cmTC_ba515.dir/link.txt --verbose=1
/Applications/Xcode.app/Contents/Developer/Toolchains/XcodeDefault.xctoolchain/usr/bin/clang    -Wl,-search_paths_first -Wl,-headerpad_max_install_names   CMakeFiles/cmTC_ba515.dir/testCCompiler.c.o  -o cmTC_ba515  


Detecting C compiler ABI info compiled with the following output:
Change Dir: /Users/panos/Documents/programming/Interpolation1D/Build/CMakeFiles/CMakeTmp

Run Build Command:"/usr/bin/make" "cmTC_2679d/fast"
/Applications/Xcode.app/Contents/Developer/usr/bin/make -f CMakeFiles/cmTC_2679d.dir/build.make CMakeFiles/cmTC_2679d.dir/build
Building C object CMakeFiles/cmTC_2679d.dir/CMakeCCompilerABI.c.o
/Applications/Xcode.app/Contents/Developer/Toolchains/XcodeDefault.xctoolchain/usr/bin/clang     -o CMakeFiles/cmTC_2679d.dir/CMakeCCompilerABI.c.o   -c /opt/local/share/cmake-3.6/Modules/CMakeCCompilerABI.c
Linking C executable cmTC_2679d
/opt/local/bin/cmake -E cmake_link_script CMakeFiles/cmTC_2679d.dir/link.txt --verbose=1
/Applications/Xcode.app/Contents/Developer/Toolchains/XcodeDefault.xctoolchain/usr/bin/clang    -Wl,-search_paths_first -Wl,-headerpad_max_install_names  -v -Wl,-v CMakeFiles/cmTC_2679d.dir/CMakeCCompilerABI.c.o  -o cmTC_2679d   
Apple LLVM version 7.0.2 (clang-700.1.81)
Target: x86_64-apple-darwin15.6.0
Thread model: posix
 "/Applications/Xcode.app/Contents/Developer/Toolchains/XcodeDefault.xctoolchain/usr/bin/ld" -demangle -dynamic -arch x86_64 -macosx_version_min 10.11.0 -o cmTC_2679d -search_paths_first -headerpad_max_install_names -v CMakeFiles/cmTC_2679d.dir/CMakeCCompilerABI.c.o -L/opt/local/lib/ -L/opt/local/libexec/llvm-3.9/lib -L. -lSystem /Applications/Xcode.app/Contents/Developer/Toolchains/XcodeDefault.xctoolchain/usr/bin/../lib/clang/7.0.2/lib/darwin/libclang_rt.osx.a
@(#)PROGRAM:ld  PROJECT:ld64-253.9
configured to support archs: armv6 armv7 armv7s arm64 i386 x86_64 x86_64h armv6m armv7k armv7m armv7em (tvOS)
Library search paths:
	/opt/local/lib/
	/opt/local/libexec/llvm-3.9/lib
	.
	/usr/lib
	/usr/local/lib
Framework search paths:
	/Library/Frameworks/
	/System/Library/Frameworks/


Parsed C implicit link information from above output:
  link line regex: [^( *|.*[/\])(ld|([^/\]+-)?ld|collect2)[^/\]*( |$)]
  ignore line: [Change Dir: /Users/panos/Documents/programming/Interpolation1D/Build/CMakeFiles/CMakeTmp]
  ignore line: []
  ignore line: [Run Build Command:"/usr/bin/make" "cmTC_2679d/fast"]
  ignore line: [/Applications/Xcode.app/Contents/Developer/usr/bin/make -f CMakeFiles/cmTC_2679d.dir/build.make CMakeFiles/cmTC_2679d.dir/build]
  ignore line: [Building C object CMakeFiles/cmTC_2679d.dir/CMakeCCompilerABI.c.o]
  ignore line: [/Applications/Xcode.app/Contents/Developer/Toolchains/XcodeDefault.xctoolchain/usr/bin/clang     -o CMakeFiles/cmTC_2679d.dir/CMakeCCompilerABI.c.o   -c /opt/local/share/cmake-3.6/Modules/CMakeCCompilerABI.c]
  ignore line: [Linking C executable cmTC_2679d]
  ignore line: [/opt/local/bin/cmake -E cmake_link_script CMakeFiles/cmTC_2679d.dir/link.txt --verbose=1]
  ignore line: [/Applications/Xcode.app/Contents/Developer/Toolchains/XcodeDefault.xctoolchain/usr/bin/clang    -Wl,-search_paths_first -Wl,-headerpad_max_install_names  -v -Wl,-v CMakeFiles/cmTC_2679d.dir/CMakeCCompilerABI.c.o  -o cmTC_2679d   ]
  ignore line: [Apple LLVM version 7.0.2 (clang-700.1.81)]
  ignore line: [Target: x86_64-apple-darwin15.6.0]
  ignore line: [Thread model: posix]
  link line: [ "/Applications/Xcode.app/Contents/Developer/Toolchains/XcodeDefault.xctoolchain/usr/bin/ld" -demangle -dynamic -arch x86_64 -macosx_version_min 10.11.0 -o cmTC_2679d -search_paths_first -headerpad_max_install_names -v CMakeFiles/cmTC_2679d.dir/CMakeCCompilerABI.c.o -L/opt/local/lib/ -L/opt/local/libexec/llvm-3.9/lib -L. -lSystem /Applications/Xcode.app/Contents/Developer/Toolchains/XcodeDefault.xctoolchain/usr/bin/../lib/clang/7.0.2/lib/darwin/libclang_rt.osx.a]
    arg [/Applications/Xcode.app/Contents/Developer/Toolchains/XcodeDefault.xctoolchain/usr/bin/ld] ==> ignore
    arg [-demangle] ==> ignore
    arg [-dynamic] ==> ignore
    arg [-arch] ==> ignore
    arg [x86_64] ==> ignore
    arg [-macosx_version_min] ==> ignore
    arg [10.11.0] ==> ignore
    arg [-o] ==> ignore
    arg [cmTC_2679d] ==> ignore
    arg [-search_paths_first] ==> ignore
    arg [-headerpad_max_install_names] ==> ignore
    arg [-v] ==> ignore
    arg [CMakeFiles/cmTC_2679d.dir/CMakeCCompilerABI.c.o] ==> ignore
    arg [-L/opt/local/lib/] ==> dir [/opt/local/lib/]
    arg [-L/opt/local/libexec/llvm-3.9/lib] ==> dir [/opt/local/libexec/llvm-3.9/lib]
    arg [-L.] ==> ignore
    arg [-lSystem] ==> lib [System]
    arg [/Applications/Xcode.app/Contents/Developer/Toolchains/XcodeDefault.xctoolchain/usr/bin/../lib/clang/7.0.2/lib/darwin/libclang_rt.osx.a] ==> lib [/Applications/Xcode.app/Contents/Developer/Toolchains/XcodeDefault.xctoolchain/usr/bin/../lib/clang/7.0.2/lib/darwin/libclang_rt.osx.a]
  Library search paths: [;/opt/local/lib/;/opt/local/libexec/llvm-3.9/lib;.;/usr/lib;/usr/local/lib]
  Framework search paths: [;/Library/Frameworks/;/System/Library/Frameworks/]
  remove lib [System]
  collapse lib [/Applications/Xcode.app/Contents/Developer/Toolchains/XcodeDefault.xctoolchain/usr/bin/../lib/clang/7.0.2/lib/darwin/libclang_rt.osx.a] ==> [/Applications/Xcode.app/Contents/Developer/Toolchains/XcodeDefault.xctoolchain/usr/lib/clang/7.0.2/lib/darwin/libclang_rt.osx.a]
  collapse library dir [/opt/local/lib/] ==> [/opt/local/lib]
  collapse library dir [/opt/local/libexec/llvm-3.9/lib] ==> [/opt/local/libexec/llvm-3.9/lib]
  collapse library dir [/opt/local/lib/] ==> [/opt/local/lib]
  collapse library dir [/opt/local/libexec/llvm-3.9/lib] ==> [/opt/local/libexec/llvm-3.9/lib]
  collapse library dir [.] ==> [/Users/panos/Documents/programming/Interpolation1D]
  collapse library dir [/usr/lib] ==> [/usr/lib]
  collapse library dir [/usr/local/lib] ==> [/usr/local/lib]
  collapse framework dir [/Library/Frameworks/] ==> [/Library/Frameworks]
  collapse framework dir [/System/Library/Frameworks/] ==> [/System/Library/Frameworks]
  implicit libs: [/Applications/Xcode.app/Contents/Developer/Toolchains/XcodeDefault.xctoolchain/usr/lib/clang/7.0.2/lib/darwin/libclang_rt.osx.a]
  implicit dirs: [/opt/local/lib;/opt/local/libexec/llvm-3.9/lib;/Users/panos/Documents/programming/Interpolation1D;/usr/lib;/usr/local/lib]
  implicit fwks: [/Library/Frameworks;/System/Library/Frameworks]




Detecting C [-std=c11] compiler features compiled with the following output:
Change Dir: /Users/panos/Documents/programming/Interpolation1D/Build/CMakeFiles/CMakeTmp

Run Build Command:"/usr/bin/make" "cmTC_5813c/fast"
/Applications/Xcode.app/Contents/Developer/usr/bin/make -f CMakeFiles/cmTC_5813c.dir/build.make CMakeFiles/cmTC_5813c.dir/build
Building C object CMakeFiles/cmTC_5813c.dir/feature_tests.c.o
/Applications/Xcode.app/Contents/Developer/Toolchains/XcodeDefault.xctoolchain/usr/bin/clang    -std=c11 -o CMakeFiles/cmTC_5813c.dir/feature_tests.c.o   -c /Users/panos/Documents/programming/Interpolation1D/Build/CMakeFiles/feature_tests.c
Linking C executable cmTC_5813c
/opt/local/bin/cmake -E cmake_link_script CMakeFiles/cmTC_5813c.dir/link.txt --verbose=1
/Applications/Xcode.app/Contents/Developer/Toolchains/XcodeDefault.xctoolchain/usr/bin/clang    -Wl,-search_paths_first -Wl,-headerpad_max_install_names   CMakeFiles/cmTC_5813c.dir/feature_tests.c.o  -o cmTC_5813c  


    Feature record: C_FEATURE:1c_function_prototypes
    Feature record: C_FEATURE:1c_restrict
    Feature record: C_FEATURE:1c_static_assert
    Feature record: C_FEATURE:1c_variadic_macros


Detecting C [-std=c99] compiler features compiled with the following output:
Change Dir: /Users/panos/Documents/programming/Interpolation1D/Build/CMakeFiles/CMakeTmp

Run Build Command:"/usr/bin/make" "cmTC_8b9a1/fast"
/Applications/Xcode.app/Contents/Developer/usr/bin/make -f CMakeFiles/cmTC_8b9a1.dir/build.make CMakeFiles/cmTC_8b9a1.dir/build
Building C object CMakeFiles/cmTC_8b9a1.dir/feature_tests.c.o
/Applications/Xcode.app/Contents/Developer/Toolchains/XcodeDefault.xctoolchain/usr/bin/clang    -std=c99 -o CMakeFiles/cmTC_8b9a1.dir/feature_tests.c.o   -c /Users/panos/Documents/programming/Interpolation1D/Build/CMakeFiles/feature_tests.c
Linking C executable cmTC_8b9a1
/opt/local/bin/cmake -E cmake_link_script CMakeFiles/cmTC_8b9a1.dir/link.txt --verbose=1
/Applications/Xcode.app/Contents/Developer/Toolchains/XcodeDefault.xctoolchain/usr/bin/clang    -Wl,-search_paths_first -Wl,-headerpad_max_install_names   CMakeFiles/cmTC_8b9a1.dir/feature_tests.c.o  -o cmTC_8b9a1  


    Feature record: C_FEATURE:1c_function_prototypes
    Feature record: C_FEATURE:1c_restrict
    Feature record: C_FEATURE:0c_static_assert
    Feature record: C_FEATURE:1c_variadic_macros


Detecting C [-std=c90] compiler features compiled with the following output:
Change Dir: /Users/panos/Documents/programming/Interpolation1D/Build/CMakeFiles/CMakeTmp

Run Build Command:"/usr/bin/make" "cmTC_d40ca/fast"
/Applications/Xcode.app/Contents/Developer/usr/bin/make -f CMakeFiles/cmTC_d40ca.dir/build.make CMakeFiles/cmTC_d40ca.dir/build
Building C object CMakeFiles/cmTC_d40ca.dir/feature_tests.c.o
/Applications/Xcode.app/Contents/Developer/Toolchains/XcodeDefault.xctoolchain/usr/bin/clang    -std=c90 -o CMakeFiles/cmTC_d40ca.dir/feature_tests.c.o   -c /Users/panos/Documents/programming/Interpolation1D/Build/CMakeFiles/feature_tests.c
Linking C executable cmTC_d40ca
/opt/local/bin/cmake -E cmake_link_script CMakeFiles/cmTC_d40ca.dir/link.txt --verbose=1
/Applications/Xcode.app/Contents/Developer/Toolchains/XcodeDefault.xctoolchain/usr/bin/clang    -Wl,-search_paths_first -Wl,-headerpad_max_install_names   CMakeFiles/cmTC_d40ca.dir/feature_tests.c.o  -o cmTC_d40ca  


    Feature record: C_FEATURE:1c_function_prototypes
    Feature record: C_FEATURE:0c_restrict
    Feature record: C_FEATURE:0c_static_assert
    Feature record: C_FEATURE:0c_variadic_macros
Determining if the CXX compiler works passed with the following output:
Change Dir: /Users/panos/Documents/programming/Interpolation1D/Build/CMakeFiles/CMakeTmp

Run Build Command:"/usr/bin/make" "cmTC_ea870/fast"
/Applications/Xcode.app/Contents/Developer/usr/bin/make -f CMakeFiles/cmTC_ea870.dir/build.make CMakeFiles/cmTC_ea870.dir/build
Building CXX object CMakeFiles/cmTC_ea870.dir/testCXXCompiler.cxx.o
/Applications/Xcode.app/Contents/Developer/Toolchains/XcodeDefault.xctoolchain/usr/bin/clang++      -o CMakeFiles/cmTC_ea870.dir/testCXXCompiler.cxx.o -c /Users/panos/Documents/programming/Interpolation1D/Build/CMakeFiles/CMakeTmp/testCXXCompiler.cxx
Linking CXX executable cmTC_ea870
/opt/local/bin/cmake -E cmake_link_script CMakeFiles/cmTC_ea870.dir/link.txt --verbose=1
/Applications/Xcode.app/Contents/Developer/Toolchains/XcodeDefault.xctoolchain/usr/bin/clang++     -Wl,-search_paths_first -Wl,-headerpad_max_install_names   CMakeFiles/cmTC_ea870.dir/testCXXCompiler.cxx.o  -o cmTC_ea870  


Detecting CXX compiler ABI info compiled with the following output:
Change Dir: /Users/panos/Documents/programming/Interpolation1D/Build/CMakeFiles/CMakeTmp

Run Build Command:"/usr/bin/make" "cmTC_6cafe/fast"
/Applications/Xcode.app/Contents/Developer/usr/bin/make -f CMakeFiles/cmTC_6cafe.dir/build.make CMakeFiles/cmTC_6cafe.dir/build
Building CXX object CMakeFiles/cmTC_6cafe.dir/CMakeCXXCompilerABI.cpp.o
/Applications/Xcode.app/Contents/Developer/Toolchains/XcodeDefault.xctoolchain/usr/bin/clang++      -o CMakeFiles/cmTC_6cafe.dir/CMakeCXXCompilerABI.cpp.o -c /opt/local/share/cmake-3.6/Modules/CMakeCXXCompilerABI.cpp
Linking CXX executable cmTC_6cafe
/opt/local/bin/cmake -E cmake_link_script CMakeFiles/cmTC_6cafe.dir/link.txt --verbose=1
/Applications/Xcode.app/Contents/Developer/Toolchains/XcodeDefault.xctoolchain/usr/bin/clang++     -Wl,-search_paths_first -Wl,-headerpad_max_install_names  -v -Wl,-v CMakeFiles/cmTC_6cafe.dir/CMakeCXXCompilerABI.cpp.o  -o cmTC_6cafe   
Apple LLVM version 7.0.2 (clang-700.1.81)
Target: x86_64-apple-darwin15.6.0
Thread model: posix
 "/Applications/Xcode.app/Contents/Developer/Toolchains/XcodeDefault.xctoolchain/usr/bin/ld" -demangle -dynamic -arch x86_64 -macosx_version_min 10.11.0 -o cmTC_6cafe -search_paths_first -headerpad_max_install_names -v CMakeFiles/cmTC_6cafe.dir/CMakeCXXCompilerABI.cpp.o -L/opt/local/lib/ -L/opt/local/libexec/llvm-3.9/lib -L. -lc++ -lSystem /Applications/Xcode.app/Contents/Developer/Toolchains/XcodeDefault.xctoolchain/usr/bin/../lib/clang/7.0.2/lib/darwin/libclang_rt.osx.a
@(#)PROGRAM:ld  PROJECT:ld64-253.9
configured to support archs: armv6 armv7 armv7s arm64 i386 x86_64 x86_64h armv6m armv7k armv7m armv7em (tvOS)
Library search paths:
	/opt/local/lib/
	/opt/local/libexec/llvm-3.9/lib
	.
	/usr/lib
	/usr/local/lib
Framework search paths:
	/Library/Frameworks/
	/System/Library/Frameworks/


Parsed CXX implicit link information from above output:
  link line regex: [^( *|.*[/\])(ld|([^/\]+-)?ld|collect2)[^/\]*( |$)]
  ignore line: [Change Dir: /Users/panos/Documents/programming/Interpolation1D/Build/CMakeFiles/CMakeTmp]
  ignore line: []
  ignore line: [Run Build Command:"/usr/bin/make" "cmTC_6cafe/fast"]
  ignore line: [/Applications/Xcode.app/Contents/Developer/usr/bin/make -f CMakeFiles/cmTC_6cafe.dir/build.make CMakeFiles/cmTC_6cafe.dir/build]
  ignore line: [Building CXX object CMakeFiles/cmTC_6cafe.dir/CMakeCXXCompilerABI.cpp.o]
  ignore line: [/Applications/Xcode.app/Contents/Developer/Toolchains/XcodeDefault.xctoolchain/usr/bin/clang++      -o CMakeFiles/cmTC_6cafe.dir/CMakeCXXCompilerABI.cpp.o -c /opt/local/share/cmake-3.6/Modules/CMakeCXXCompilerABI.cpp]
  ignore line: [Linking CXX executable cmTC_6cafe]
  ignore line: [/opt/local/bin/cmake -E cmake_link_script CMakeFiles/cmTC_6cafe.dir/link.txt --verbose=1]
  ignore line: [/Applications/Xcode.app/Contents/Developer/Toolchains/XcodeDefault.xctoolchain/usr/bin/clang++     -Wl,-search_paths_first -Wl,-headerpad_max_install_names  -v -Wl,-v CMakeFiles/cmTC_6cafe.dir/CMakeCXXCompilerABI.cpp.o  -o cmTC_6cafe   ]
  ignore line: [Apple LLVM version 7.0.2 (clang-700.1.81)]
  ignore line: [Target: x86_64-apple-darwin15.6.0]
  ignore line: [Thread model: posix]
  link line: [ "/Applications/Xcode.app/Contents/Developer/Toolchains/XcodeDefault.xctoolchain/usr/bin/ld" -demangle -dynamic -arch x86_64 -macosx_version_min 10.11.0 -o cmTC_6cafe -search_paths_first -headerpad_max_install_names -v CMakeFiles/cmTC_6cafe.dir/CMakeCXXCompilerABI.cpp.o -L/opt/local/lib/ -L/opt/local/libexec/llvm-3.9/lib -L. -lc++ -lSystem /Applications/Xcode.app/Contents/Developer/Toolchains/XcodeDefault.xctoolchain/usr/bin/../lib/clang/7.0.2/lib/darwin/libclang_rt.osx.a]
    arg [/Applications/Xcode.app/Contents/Developer/Toolchains/XcodeDefault.xctoolchain/usr/bin/ld] ==> ignore
    arg [-demangle] ==> ignore
    arg [-dynamic] ==> ignore
    arg [-arch] ==> ignore
    arg [x86_64] ==> ignore
    arg [-macosx_version_min] ==> ignore
    arg [10.11.0] ==> ignore
    arg [-o] ==> ignore
    arg [cmTC_6cafe] ==> ignore
    arg [-search_paths_first] ==> ignore
    arg [-headerpad_max_install_names] ==> ignore
    arg [-v] ==> ignore
    arg [CMakeFiles/cmTC_6cafe.dir/CMakeCXXCompilerABI.cpp.o] ==> ignore
    arg [-L/opt/local/lib/] ==> dir [/opt/local/lib/]
    arg [-L/opt/local/libexec/llvm-3.9/lib] ==> dir [/opt/local/libexec/llvm-3.9/lib]
    arg [-L.] ==> ignore
    arg [-lc++] ==> lib [c++]
    arg [-lSystem] ==> lib [System]
    arg [/Applications/Xcode.app/Contents/Developer/Toolchains/XcodeDefault.xctoolchain/usr/bin/../lib/clang/7.0.2/lib/darwin/libclang_rt.osx.a] ==> lib [/Applications/Xcode.app/Contents/Developer/Toolchains/XcodeDefault.xctoolchain/usr/bin/../lib/clang/7.0.2/lib/darwin/libclang_rt.osx.a]
  Library search paths: [;/opt/local/lib/;/opt/local/libexec/llvm-3.9/lib;.;/usr/lib;/usr/local/lib]
  Framework search paths: [;/Library/Frameworks/;/System/Library/Frameworks/]
  remove lib [System]
  collapse lib [/Applications/Xcode.app/Contents/Developer/Toolchains/XcodeDefault.xctoolchain/usr/bin/../lib/clang/7.0.2/lib/darwin/libclang_rt.osx.a] ==> [/Applications/Xcode.app/Contents/Developer/Toolchains/XcodeDefault.xctoolchain/usr/lib/clang/7.0.2/lib/darwin/libclang_rt.osx.a]
  collapse library dir [/opt/local/lib/] ==> [/opt/local/lib]
  collapse library dir [/opt/local/libexec/llvm-3.9/lib] ==> [/opt/local/libexec/llvm-3.9/lib]
  collapse library dir [/opt/local/lib/] ==> [/opt/local/lib]
  collapse library dir [/opt/local/libexec/llvm-3.9/lib] ==> [/opt/local/libexec/llvm-3.9/lib]
  collapse library dir [.] ==> [/Users/panos/Documents/programming/Interpolation1D]
  collapse library dir [/usr/lib] ==> [/usr/lib]
  collapse library dir [/usr/local/lib] ==> [/usr/local/lib]
  collapse framework dir [/Library/Frameworks/] ==> [/Library/Frameworks]
  collapse framework dir [/System/Library/Frameworks/] ==> [/System/Library/Frameworks]
  implicit libs: [c++;/Applications/Xcode.app/Contents/Developer/Toolchains/XcodeDefault.xctoolchain/usr/lib/clang/7.0.2/lib/darwin/libclang_rt.osx.a]
  implicit dirs: [/opt/local/lib;/opt/local/libexec/llvm-3.9/lib;/Users/panos/Documents/programming/Interpolation1D;/usr/lib;/usr/local/lib]
  implicit fwks: [/Library/Frameworks;/System/Library/Frameworks]




Detecting CXX [-std=c++14] compiler features compiled with the following output:
Change Dir: /Users/panos/Documents/programming/Interpolation1D/Build/CMakeFiles/CMakeTmp

Run Build Command:"/usr/bin/make" "cmTC_4367e/fast"
/Applications/Xcode.app/Contents/Developer/usr/bin/make -f CMakeFiles/cmTC_4367e.dir/build.make CMakeFiles/cmTC_4367e.dir/build
Building CXX object CMakeFiles/cmTC_4367e.dir/feature_tests.cxx.o
/Applications/Xcode.app/Contents/Developer/Toolchains/XcodeDefault.xctoolchain/usr/bin/clang++     -std=c++14 -o CMakeFiles/cmTC_4367e.dir/feature_tests.cxx.o -c /Users/panos/Documents/programming/Interpolation1D/Build/CMakeFiles/feature_tests.cxx
Linking CXX executable cmTC_4367e
/opt/local/bin/cmake -E cmake_link_script CMakeFiles/cmTC_4367e.dir/link.txt --verbose=1
/Applications/Xcode.app/Contents/Developer/Toolchains/XcodeDefault.xctoolchain/usr/bin/clang++     -Wl,-search_paths_first -Wl,-headerpad_max_install_names   CMakeFiles/cmTC_4367e.dir/feature_tests.cxx.o  -o cmTC_4367e  


    Feature record: CXX_FEATURE:1cxx_aggregate_default_initializers
    Feature record: CXX_FEATURE:1cxx_alias_templates
    Feature record: CXX_FEATURE:1cxx_alignas
    Feature record: CXX_FEATURE:1cxx_alignof
    Feature record: CXX_FEATURE:1cxx_attributes
    Feature record: CXX_FEATURE:1cxx_attribute_deprecated
    Feature record: CXX_FEATURE:1cxx_auto_type
    Feature record: CXX_FEATURE:1cxx_binary_literals
    Feature record: CXX_FEATURE:1cxx_constexpr
    Feature record: CXX_FEATURE:1cxx_contextual_conversions
    Feature record: CXX_FEATURE:1cxx_decltype
    Feature record: CXX_FEATURE:1cxx_decltype_auto
    Feature record: CXX_FEATURE:1cxx_decltype_incomplete_return_types
    Feature record: CXX_FEATURE:1cxx_default_function_template_args
    Feature record: CXX_FEATURE:1cxx_defaulted_functions
    Feature record: CXX_FEATURE:1cxx_defaulted_move_initializers
    Feature record: CXX_FEATURE:1cxx_delegating_constructors
    Feature record: CXX_FEATURE:1cxx_deleted_functions
    Feature record: CXX_FEATURE:1cxx_digit_separators
    Feature record: CXX_FEATURE:1cxx_enum_forward_declarations
    Feature record: CXX_FEATURE:1cxx_explicit_conversions
    Feature record: CXX_FEATURE:1cxx_extended_friend_declarations
    Feature record: CXX_FEATURE:1cxx_extern_templates
    Feature record: CXX_FEATURE:1cxx_final
    Feature record: CXX_FEATURE:1cxx_func_identifier
    Feature record: CXX_FEATURE:1cxx_generalized_initializers
    Feature record: CXX_FEATURE:1cxx_generic_lambdas
    Feature record: CXX_FEATURE:1cxx_inheriting_constructors
    Feature record: CXX_FEATURE:1cxx_inline_namespaces
    Feature record: CXX_FEATURE:1cxx_lambdas
    Feature record: CXX_FEATURE:1cxx_lambda_init_captures
    Feature record: CXX_FEATURE:1cxx_local_type_template_args
    Feature record: CXX_FEATURE:1cxx_long_long_type
    Feature record: CXX_FEATURE:1cxx_noexcept
    Feature record: CXX_FEATURE:1cxx_nonstatic_member_init
    Feature record: CXX_FEATURE:1cxx_nullptr
    Feature record: CXX_FEATURE:1cxx_override
    Feature record: CXX_FEATURE:1cxx_range_for
    Feature record: CXX_FEATURE:1cxx_raw_string_literals
    Feature record: CXX_FEATURE:1cxx_reference_qualified_functions
    Feature record: CXX_FEATURE:1cxx_relaxed_constexpr
    Feature record: CXX_FEATURE:1cxx_return_type_deduction
    Feature record: CXX_FEATURE:1cxx_right_angle_brackets
    Feature record: CXX_FEATURE:1cxx_rvalue_references
    Feature record: CXX_FEATURE:1cxx_sizeof_member
    Feature record: CXX_FEATURE:1cxx_static_assert
    Feature record: CXX_FEATURE:1cxx_strong_enums
    Feature record: CXX_FEATURE:1cxx_template_template_parameters
    Feature record: CXX_FEATURE:0cxx_thread_local
    Feature record: CXX_FEATURE:1cxx_trailing_return_types
    Feature record: CXX_FEATURE:1cxx_unicode_literals
    Feature record: CXX_FEATURE:1cxx_uniform_initialization
    Feature record: CXX_FEATURE:1cxx_unrestricted_unions
    Feature record: CXX_FEATURE:1cxx_user_literals
    Feature record: CXX_FEATURE:1cxx_variable_templates
    Feature record: CXX_FEATURE:1cxx_variadic_macros
    Feature record: CXX_FEATURE:1cxx_variadic_templates


Detecting CXX [-std=c++11] compiler features compiled with the following output:
Change Dir: /Users/panos/Documents/programming/Interpolation1D/Build/CMakeFiles/CMakeTmp

Run Build Command:"/usr/bin/make" "cmTC_cd1bf/fast"
/Applications/Xcode.app/Contents/Developer/usr/bin/make -f CMakeFiles/cmTC_cd1bf.dir/build.make CMakeFiles/cmTC_cd1bf.dir/build
Building CXX object CMakeFiles/cmTC_cd1bf.dir/feature_tests.cxx.o
/Applications/Xcode.app/Contents/Developer/Toolchains/XcodeDefault.xctoolchain/usr/bin/clang++     -std=c++11 -o CMakeFiles/cmTC_cd1bf.dir/feature_tests.cxx.o -c /Users/panos/Documents/programming/Interpolation1D/Build/CMakeFiles/feature_tests.cxx
Linking CXX executable cmTC_cd1bf
/opt/local/bin/cmake -E cmake_link_script CMakeFiles/cmTC_cd1bf.dir/link.txt --verbose=1
/Applications/Xcode.app/Contents/Developer/Toolchains/XcodeDefault.xctoolchain/usr/bin/clang++     -Wl,-search_paths_first -Wl,-headerpad_max_install_names   CMakeFiles/cmTC_cd1bf.dir/feature_tests.cxx.o  -o cmTC_cd1bf  


    Feature record: CXX_FEATURE:0cxx_aggregate_default_initializers
    Feature record: CXX_FEATURE:1cxx_alias_templates
    Feature record: CXX_FEATURE:1cxx_alignas
    Feature record: CXX_FEATURE:1cxx_alignof
    Feature record: CXX_FEATURE:1cxx_attributes
    Feature record: CXX_FEATURE:0cxx_attribute_deprecated
    Feature record: CXX_FEATURE:1cxx_auto_type
    Feature record: CXX_FEATURE:0cxx_binary_literals
    Feature record: CXX_FEATURE:1cxx_constexpr
    Feature record: CXX_FEATURE:0cxx_contextual_conversions
    Feature record: CXX_FEATURE:1cxx_decltype
    Feature record: CXX_FEATURE:0cxx_decltype_auto
    Feature record: CXX_FEATURE:1cxx_decltype_incomplete_return_types
    Feature record: CXX_FEATURE:1cxx_default_function_template_args
    Feature record: CXX_FEATURE:1cxx_defaulted_functions
    Feature record: CXX_FEATURE:1cxx_defaulted_move_initializers
    Feature record: CXX_FEATURE:1cxx_delegating_constructors
    Feature record: CXX_FEATURE:1cxx_deleted_functions
    Feature record: CXX_FEATURE:0cxx_digit_separators
    Feature record: CXX_FEATURE:1cxx_enum_forward_declarations
    Feature record: CXX_FEATURE:1cxx_explicit_conversions
    Feature record: CXX_FEATURE:1cxx_extended_friend_declarations
    Feature record: CXX_FEATURE:1cxx_extern_templates
    Feature record: CXX_FEATURE:1cxx_final
    Feature record: CXX_FEATURE:1cxx_func_identifier
    Feature record: CXX_FEATURE:1cxx_generalized_initializers
    Feature record: CXX_FEATURE:0cxx_generic_lambdas
    Feature record: CXX_FEATURE:1cxx_inheriting_constructors
    Feature record: CXX_FEATURE:1cxx_inline_namespaces
    Feature record: CXX_FEATURE:1cxx_lambdas
    Feature record: CXX_FEATURE:0cxx_lambda_init_captures
    Feature record: CXX_FEATURE:1cxx_local_type_template_args
    Feature record: CXX_FEATURE:1cxx_long_long_type
    Feature record: CXX_FEATURE:1cxx_noexcept
    Feature record: CXX_FEATURE:1cxx_nonstatic_member_init
    Feature record: CXX_FEATURE:1cxx_nullptr
    Feature record: CXX_FEATURE:1cxx_override
    Feature record: CXX_FEATURE:1cxx_range_for
    Feature record: CXX_FEATURE:1cxx_raw_string_literals
    Feature record: CXX_FEATURE:1cxx_reference_qualified_functions
    Feature record: CXX_FEATURE:0cxx_relaxed_constexpr
    Feature record: CXX_FEATURE:0cxx_return_type_deduction
    Feature record: CXX_FEATURE:1cxx_right_angle_brackets
    Feature record: CXX_FEATURE:1cxx_rvalue_references
    Feature record: CXX_FEATURE:1cxx_sizeof_member
    Feature record: CXX_FEATURE:1cxx_static_assert
    Feature record: CXX_FEATURE:1cxx_strong_enums
    Feature record: CXX_FEATURE:1cxx_template_template_parameters
    Feature record: CXX_FEATURE:0cxx_thread_local
    Feature record: CXX_FEATURE:1cxx_trailing_return_types
    Feature record: CXX_FEATURE:1cxx_unicode_literals
    Feature record: CXX_FEATURE:1cxx_uniform_initialization
    Feature record: CXX_FEATURE:1cxx_unrestricted_unions
    Feature record: CXX_FEATURE:1cxx_user_literals
    Feature record: CXX_FEATURE:0cxx_variable_templates
    Feature record: CXX_FEATURE:1cxx_variadic_macros
    Feature record: CXX_FEATURE:1cxx_variadic_templates


Detecting CXX [-std=c++98] compiler features compiled with the following output:
Change Dir: /Users/panos/Documents/programming/Interpolation1D/Build/CMakeFiles/CMakeTmp

Run Build Command:"/usr/bin/make" "cmTC_c6d39/fast"
/Applications/Xcode.app/Contents/Developer/usr/bin/make -f CMakeFiles/cmTC_c6d39.dir/build.make CMakeFiles/cmTC_c6d39.dir/build
Building CXX object CMakeFiles/cmTC_c6d39.dir/feature_tests.cxx.o
/Applications/Xcode.app/Contents/Developer/Toolchains/XcodeDefault.xctoolchain/usr/bin/clang++     -std=c++98 -o CMakeFiles/cmTC_c6d39.dir/feature_tests.cxx.o -c /Users/panos/Documents/programming/Interpolation1D/Build/CMakeFiles/feature_tests.cxx
Linking CXX executable cmTC_c6d39
/opt/local/bin/cmake -E cmake_link_script CMakeFiles/cmTC_c6d39.dir/link.txt --verbose=1
/Applications/Xcode.app/Contents/Developer/Toolchains/XcodeDefault.xctoolchain/usr/bin/clang++     -Wl,-search_paths_first -Wl,-headerpad_max_install_names   CMakeFiles/cmTC_c6d39.dir/feature_tests.cxx.o  -o cmTC_c6d39  


    Feature record: CXX_FEATURE:0cxx_aggregate_default_initializers
    Feature record: CXX_FEATURE:0cxx_alias_templates
    Feature record: CXX_FEATURE:0cxx_alignas
    Feature record: CXX_FEATURE:0cxx_alignof
    Feature record: CXX_FEATURE:0cxx_attributes
    Feature record: CXX_FEATURE:0cxx_attribute_deprecated
    Feature record: CXX_FEATURE:0cxx_auto_type
    Feature record: CXX_FEATURE:0cxx_binary_literals
    Feature record: CXX_FEATURE:0cxx_constexpr
    Feature record: CXX_FEATURE:0cxx_contextual_conversions
    Feature record: CXX_FEATURE:0cxx_decltype
    Feature record: CXX_FEATURE:0cxx_decltype_auto
    Feature record: CXX_FEATURE:0cxx_decltype_incomplete_return_types
    Feature record: CXX_FEATURE:0cxx_default_function_template_args
    Feature record: CXX_FEATURE:0cxx_defaulted_functions
    Feature record: CXX_FEATURE:0cxx_defaulted_move_initializers
    Feature record: CXX_FEATURE:0cxx_delegating_constructors
    Feature record: CXX_FEATURE:0cxx_deleted_functions
    Feature record: CXX_FEATURE:0cxx_digit_separators
    Feature record: CXX_FEATURE:0cxx_enum_forward_declarations
    Feature record: CXX_FEATURE:0cxx_explicit_conversions
    Feature record: CXX_FEATURE:0cxx_extended_friend_declarations
    Feature record: CXX_FEATURE:0cxx_extern_templates
    Feature record: CXX_FEATURE:0cxx_final
    Feature record: CXX_FEATURE:0cxx_func_identifier
    Feature record: CXX_FEATURE:0cxx_generalized_initializers
    Feature record: CXX_FEATURE:0cxx_generic_lambdas
    Feature record: CXX_FEATURE:0cxx_inheriting_constructors
    Feature record: CXX_FEATURE:0cxx_inline_namespaces
    Feature record: CXX_FEATURE:0cxx_lambdas
    Feature record: CXX_FEATURE:0cxx_lambda_init_captures
    Feature record: CXX_FEATURE:0cxx_local_type_template_args
    Feature record: CXX_FEATURE:0cxx_long_long_type
    Feature record: CXX_FEATURE:0cxx_noexcept
    Feature record: CXX_FEATURE:0cxx_nonstatic_member_init
    Feature record: CXX_FEATURE:0cxx_nullptr
    Feature record: CXX_FEATURE:0cxx_override
    Feature record: CXX_FEATURE:0cxx_range_for
    Feature record: CXX_FEATURE:0cxx_raw_string_literals
    Feature record: CXX_FEATURE:0cxx_reference_qualified_functions
    Feature record: CXX_FEATURE:0cxx_relaxed_constexpr
    Feature record: CXX_FEATURE:0cxx_return_type_deduction
    Feature record: CXX_FEATURE:0cxx_right_angle_brackets
    Feature record: CXX_FEATURE:0cxx_rvalue_references
    Feature record: CXX_FEATURE:0cxx_sizeof_member
    Feature record: CXX_FEATURE:0cxx_static_assert
    Feature record: CXX_FEATURE:0cxx_strong_enums
    Feature record: CXX_FEATURE:1cxx_template_template_parameters
    Feature record: CXX_FEATURE:0cxx_thread_local
    Feature record: CXX_FEATURE:0cxx_trailing_return_types
    Feature record: CXX_FEATURE:0cxx_unicode_literals
    Feature record: CXX_FEATURE:0cxx_uniform_initialization
    Feature record: CXX_FEATURE:0cxx_unrestricted_unions
    Feature record: CXX_FEATURE:0cxx_user_literals
    Feature record: CXX_FEATURE:0cxx_variable_templates
    Feature record: CXX_FEATURE:0cxx_variadic_macros
    Feature record: CXX_FEATURE:0cxx_variadic_templates
Determining if the include file pthread.h exists passed with the following output:
Change Dir: /Users/panos/Documents/programming/Interpolation1D/Build/CMakeFiles/CMakeTmp

Run Build Command:"/usr/bin/make" "cmTC_bbe1a/fast"
/Applications/Xcode.app/Contents/Developer/usr/bin/make -f CMakeFiles/cmTC_bbe1a.dir/build.make CMakeFiles/cmTC_bbe1a.dir/build
Building C object CMakeFiles/cmTC_bbe1a.dir/CheckIncludeFile.c.o
/Applications/Xcode.app/Contents/Developer/Toolchains/XcodeDefault.xctoolchain/usr/bin/clang     -o CMakeFiles/cmTC_bbe1a.dir/CheckIncludeFile.c.o   -c /Users/panos/Documents/programming/Interpolation1D/Build/CMakeFiles/CMakeTmp/CheckIncludeFile.c
Linking C executable cmTC_bbe1a
/opt/local/bin/cmake -E cmake_link_script CMakeFiles/cmTC_bbe1a.dir/link.txt --verbose=1
/Applications/Xcode.app/Contents/Developer/Toolchains/XcodeDefault.xctoolchain/usr/bin/clang    -Wl,-search_paths_first -Wl,-headerpad_max_install_names   CMakeFiles/cmTC_bbe1a.dir/CheckIncludeFile.c.o  -o cmTC_bbe1a  


Determining if the pthread_create exist passed with the following output:
Change Dir: /Users/panos/Documents/programming/Interpolation1D/Build/CMakeFiles/CMakeTmp

Run Build Command:"/usr/bin/make" "cmTC_4c22b/fast"
/Applications/Xcode.app/Contents/Developer/usr/bin/make -f CMakeFiles/cmTC_4c22b.dir/build.make CMakeFiles/cmTC_4c22b.dir/build
Building C object CMakeFiles/cmTC_4c22b.dir/CheckSymbolExists.c.o
/Applications/Xcode.app/Contents/Developer/Toolchains/XcodeDefault.xctoolchain/usr/bin/clang     -o CMakeFiles/cmTC_4c22b.dir/CheckSymbolExists.c.o   -c /Users/panos/Documents/programming/Interpolation1D/Build/CMakeFiles/CMakeTmp/CheckSymbolExists.c
Linking C executable cmTC_4c22b
/opt/local/bin/cmake -E cmake_link_script CMakeFiles/cmTC_4c22b.dir/link.txt --verbose=1
/Applications/Xcode.app/Contents/Developer/Toolchains/XcodeDefault.xctoolchain/usr/bin/clang    -Wl,-search_paths_first -Wl,-headerpad_max_install_names   CMakeFiles/cmTC_4c22b.dir/CheckSymbolExists.c.o  -o cmTC_4c22b  

File /Users/panos/Documents/programming/Interpolation1D/Build/CMakeFiles/CMakeTmp/CheckSymbolExists.c:
/* */
#include <pthread.h>

int main(int argc, char** argv)
{
  (void)argv;
#ifndef pthread_create
  return ((int*)(&pthread_create))[argc];
#else
  (void)argc;
  return 0;
#endif
}

Determining if the function sgemm_ exists passed with the following output:
Change Dir: /Users/panos/Documents/programming/Interpolation1D/Build/CMakeFiles/CMakeTmp

Run Build Command:"/usr/bin/make" "cmTC_32c21/fast"
/Applications/Xcode.app/Contents/Developer/usr/bin/make -f CMakeFiles/cmTC_32c21.dir/build.make CMakeFiles/cmTC_32c21.dir/build
Building C object CMakeFiles/cmTC_32c21.dir/CheckFunctionExists.c.o
/Applications/Xcode.app/Contents/Developer/Toolchains/XcodeDefault.xctoolchain/usr/bin/clang    -DCHECK_FUNCTION_EXISTS=sgemm_   -o CMakeFiles/cmTC_32c21.dir/CheckFunctionExists.c.o   -c /opt/local/share/cmake-3.6/Modules/CheckFunctionExists.c
Linking C executable cmTC_32c21
/opt/local/bin/cmake -E cmake_link_script CMakeFiles/cmTC_32c21.dir/link.txt --verbose=1
/Applications/Xcode.app/Contents/Developer/Toolchains/XcodeDefault.xctoolchain/usr/bin/clang   -DCHECK_FUNCTION_EXISTS=sgemm_ -Wl,-search_paths_first -Wl,-headerpad_max_install_names   CMakeFiles/cmTC_32c21.dir/CheckFunctionExists.c.o  -o cmTC_32c21  /opt/local/lib/libopenblas.dylib 


